IDENT -> fibonacci
IDENT -> k
declaration_3 -> EPSILON
declaration_2 -> COLON declaration_3 INTEGER
declaration -> IDENT declaration_2
decl_loop -> EPSILON
decl_loop -> declaration SEMICOLON decl_loop
IDENT -> f1
declaration_3 -> EPSILON
declaration_2 -> COLON declaration_3 INTEGER
declaration -> IDENT declaration_2
IDENT -> f2
declaration_3 -> EPSILON
declaration_2 -> COLON declaration_3 INTEGER
declaration -> IDENT declaration_2
decl_loop -> EPSILON
decl_loop -> declaration SEMICOLON decl_loop
decl_loop -> declaration SEMICOLON decl_loop
IDENT -> k
var_2 -> EPSILON
var -> IDENT var_2
term_2 -> var
term -> term_2
mult_expr_2 -> EPSILON
mult_expr -> term mult_expr_2
expression -> EPSILON
expression -> mult_expr expression_2
comp -> LTE
NUMBER -> 1
term_2 -> NUMBER
term -> term_2
mult_expr_2 -> EPSILON
mult_expr -> term mult_expr_2
expression -> EPSILON
expression -> mult_expr expression_2
relation_exp_s -> expression comp expression
relation_exp -> relation_exp_s
rel_and_exp2 -> EPSILON
rel_and_exp -> relation_exp rel_and_exp2
bool_exp2 -> EPSILON
bool_exp -> rel_and_exp bool_exp2
relation_exp_s -> L_PAREN bool_exp R_PAREN
relation_exp -> relation_exp_s
rel_and_exp2 -> EPSILON
rel_and_exp -> relation_exp rel_and_exp2
bool_exp2 -> EPSILON
bool_exp -> rel_and_exp bool_exp2
NUMBER -> 1
term_2 -> NUMBER
term -> term_2
mult_expr_2 -> EPSILON
mult_expr -> term mult_expr_2
expression -> EPSILON
expression -> mult_expr expression_2
statement -> RETURN expression
stmt_loop -> EPSILON
stmt_loop -> statement SEMICOLON stmt_loop
statement_21 -> EPSILON
statement -> IF bool_exp THEN stmt_loop statement_21 ENDIF
IDENT -> fibonacci
IDENT -> k
var_2 -> EPSILON
var -> IDENT var_2
term_2 -> var
term -> term_2
mult_expr_2 -> EPSILON
mult_expr -> term mult_expr_2
NUMBER -> 1
term_2 -> NUMBER
term -> term_2
mult_expr_2 -> EPSILON
mult_expr -> term mult_expr_2
expression -> EPSILON
expression_2 -> SUB mult_expr expression_2
expression -> mult_expr expression_2
term_32 -> EPSILON
term_31-> expression term_32
term_3 -> IDENT L_PAREN term_31 R_PAREN
term -> term_3
mult_expr_2 -> EPSILON
mult_expr -> term mult_expr_2
IDENT -> fibonacci
IDENT -> k
var_2 -> EPSILON
var -> IDENT var_2
term_2 -> var
term -> term_2
mult_expr_2 -> EPSILON
mult_expr -> term mult_expr_2
NUMBER -> 2
term_2 -> NUMBER
term -> term_2
mult_expr_2 -> EPSILON
mult_expr -> term mult_expr_2
expression -> EPSILON
expression_2 -> SUB mult_expr expression_2
expression -> mult_expr expression_2
term_32 -> EPSILON
term_31-> expression term_32
term_3 -> IDENT L_PAREN term_31 R_PAREN
term -> term_3
mult_expr_2 -> EPSILON
mult_expr -> term mult_expr_2
expression -> EPSILON
expression_2 -> ADD mult_expr expression_2
expression -> mult_expr expression_2
statement -> RETURN expression
function_2 -> END_BODY
function_2 -> statement SEMICOLON function_2
function -> FUNCTION IDENT SEMICOLON BEGIN_PARAMS decl_loop END_PARAMS BEGIN_LOCALS decl_loop END_LOCALS BEGIN_BODY statement SEMICOLON function_2
IDENT -> main
decl_loop -> EPSILON
IDENT -> n
declaration_3 -> EPSILON
declaration_2 -> COLON declaration_3 INTEGER
declaration -> IDENT declaration_2
IDENT -> fib_n
declaration_3 -> EPSILON
declaration_2 -> COLON declaration_3 INTEGER
declaration -> IDENT declaration_2
decl_loop -> EPSILON
decl_loop -> declaration SEMICOLON decl_loop
decl_loop -> declaration SEMICOLON decl_loop
IDENT -> n
var_2 -> EPSILON
var -> IDENT var_2
statement_51 -> EPSILON
statement -> READ var statement_51
IDENT -> fib_n
var_2 -> EPSILON
var -> IDENT var_2
IDENT -> fibonacci
IDENT -> n
var_2 -> EPSILON
var -> IDENT var_2
term_2 -> var
term -> term_2
mult_expr_2 -> EPSILON
mult_expr -> term mult_expr_2
expression -> EPSILON
expression -> mult_expr expression_2
term_32 -> EPSILON
term_31-> expression term_32
term_3 -> IDENT L_PAREN term_31 R_PAREN
term -> term_3
mult_expr_2 -> EPSILON
mult_expr -> term mult_expr_2
expression -> EPSILON
expression -> mult_expr expression_2
statement -> var ASSIGN expression
IDENT -> fib_n
var_2 -> EPSILON
var -> IDENT var_2
statement_61 -> EPSILON
statement -> WRITE var statement_61
function_2 -> END_BODY
function_2 -> statement SEMICOLON function_2
function_2 -> statement SEMICOLON function_2
function -> FUNCTION IDENT SEMICOLON BEGIN_PARAMS decl_loop END_PARAMS BEGIN_LOCALS decl_loop END_LOCALS BEGIN_BODY statement SEMICOLON function_2
program -> EPSILON
program -> function program
program -> function program
