IDENT -> main
decl_loop -> EPSILON
IDENT -> n
declaration_3 -> EPSILON
declaration_2 -> COLON declaration_3 INTEGER
declaration -> IDENT declaration_2
IDENT -> a
NUMBER -> 1000
declaration_3 -> ARRAY L_SQUARE_BRACKET NUMBER R_SQUARE_BRACKET OF
declaration_2 -> COLON declaration_3 INTEGER
declaration -> IDENT declaration_2
IDENT -> i
IDENT -> j
declaration_3 -> EPSILON
declaration_2 -> COLON declaration_3 INTEGER
declaration_2 -> COMMA IDENT declaration_2
declaration -> IDENT declaration_2
IDENT -> x
IDENT -> sqrt_n
declaration_3 -> EPSILON
declaration_2 -> COLON declaration_3 INTEGER
declaration_2 -> COMMA IDENT declaration_2
declaration -> IDENT declaration_2
decl_loop -> EPSILON
decl_loop -> declaration SEMICOLON decl_loop
decl_loop -> declaration SEMICOLON decl_loop
decl_loop -> declaration SEMICOLON decl_loop
decl_loop -> declaration SEMICOLON decl_loop
IDENT -> n
var_2 -> EPSILON
var -> IDENT var_2
statement_51 -> EPSILON
statement -> READ var statement_51
IDENT -> x
var_2 -> EPSILON
var -> IDENT var_2
IDENT -> n
var_2 -> EPSILON
var -> IDENT var_2
term_2 -> var
term -> term_2
mult_expr_2 -> EPSILON
mult_expr -> term mult_expr_2
expression -> EPSILON
expression -> mult_expr expression_2
statement -> var ASSIGN expression
IDENT -> x
var_2 -> EPSILON
var -> IDENT var_2
term_2 -> var
term -> term_2
mult_expr_2 -> EPSILON
mult_expr -> term mult_expr_2
expression -> EPSILON
expression -> mult_expr expression_2
comp -> GT
IDENT -> n
var_2 -> EPSILON
var -> IDENT var_2
term_2 -> var
term -> term_2
IDENT -> x
var_2 -> EPSILON
var -> IDENT var_2
term_2 -> var
term -> term_2
mult_expr_2 -> EPSILON
mult_expr -> term mult_expr_2
mult_expr_2 -> DIV mult_expr
mult_expr -> term mult_expr_2
expression -> EPSILON
expression -> mult_expr expression_2
relation_exp_s -> expression comp expression
relation_exp -> relation_exp_s
rel_and_exp2 -> EPSILON
rel_and_exp -> relation_exp rel_and_exp2
bool_exp2 -> EPSILON
bool_exp -> rel_and_exp bool_exp2
IDENT -> x
var_2 -> EPSILON
var -> IDENT var_2
IDENT -> x
var_2 -> EPSILON
var -> IDENT var_2
term_2 -> var
term -> term_2
mult_expr_2 -> EPSILON
mult_expr -> term mult_expr_2
IDENT -> n
var_2 -> EPSILON
var -> IDENT var_2
term_2 -> var
term -> term_2
IDENT -> x
var_2 -> EPSILON
var -> IDENT var_2
term_2 -> var
term -> term_2
mult_expr_2 -> EPSILON
mult_expr -> term mult_expr_2
mult_expr_2 -> DIV mult_expr
mult_expr -> term mult_expr_2
expression -> EPSILON
expression_2 -> ADD mult_expr expression_2
expression -> mult_expr expression_2
term_2 -> L_PAREN expression R_PAREN
term -> term_2
NUMBER -> 2
term_2 -> NUMBER
term -> term_2
mult_expr_2 -> EPSILON
mult_expr -> term mult_expr_2
mult_expr_2 -> DIV mult_expr
mult_expr -> term mult_expr_2
expression -> EPSILON
expression -> mult_expr expression_2
statement -> var ASSIGN expression
stmt_loop -> EPSILON
stmt_loop -> statement SEMICOLON stmt_loop
statement -> WHILE bool_exp BEGINLOOP stmt_loop ENDLOOP
IDENT -> sqrt_n
var_2 -> EPSILON
var -> IDENT var_2
IDENT -> x
var_2 -> EPSILON
var -> IDENT var_2
term_2 -> var
term -> term_2
mult_expr_2 -> EPSILON
mult_expr -> term mult_expr_2
expression -> EPSILON
expression -> mult_expr expression_2
statement -> var ASSIGN expression
IDENT -> i
var_2 -> EPSILON
var -> IDENT var_2
NUMBER -> 2
term_2 -> NUMBER
term -> term_2
mult_expr_2 -> EPSILON
mult_expr -> term mult_expr_2
expression -> EPSILON
expression -> mult_expr expression_2
statement -> var ASSIGN expression
IDENT -> i
var_2 -> EPSILON
var -> IDENT var_2
term_2 -> var
term -> term_2
mult_expr_2 -> EPSILON
mult_expr -> term mult_expr_2
expression -> EPSILON
expression -> mult_expr expression_2
comp -> LTE
IDENT -> n
var_2 -> EPSILON
var -> IDENT var_2
term_2 -> var
term -> term_2
mult_expr_2 -> EPSILON
mult_expr -> term mult_expr_2
expression -> EPSILON
expression -> mult_expr expression_2
relation_exp_s -> expression comp expression
relation_exp -> relation_exp_s
rel_and_exp2 -> EPSILON
rel_and_exp -> relation_exp rel_and_exp2
bool_exp2 -> EPSILON
bool_exp -> rel_and_exp bool_exp2
IDENT -> a
IDENT -> i
var_2 -> EPSILON
var -> IDENT var_2
term_2 -> var
term -> term_2
mult_expr_2 -> EPSILON
mult_expr -> term mult_expr_2
expression -> EPSILON
expression -> mult_expr expression_2
var_2 -> L_SQUARE_BRACKET expression R_SQUARE_BRACKET
var -> IDENT var_2
NUMBER -> 0
term_2 -> NUMBER
term -> term_2
mult_expr_2 -> EPSILON
mult_expr -> term mult_expr_2
expression -> EPSILON
expression -> mult_expr expression_2
statement -> var ASSIGN expression
IDENT -> i
var_2 -> EPSILON
var -> IDENT var_2
IDENT -> i
var_2 -> EPSILON
var -> IDENT var_2
term_2 -> var
term -> term_2
mult_expr_2 -> EPSILON
mult_expr -> term mult_expr_2
NUMBER -> 1
term_2 -> NUMBER
term -> term_2
mult_expr_2 -> EPSILON
mult_expr -> term mult_expr_2
expression -> EPSILON
expression_2 -> ADD mult_expr expression_2
expression -> mult_expr expression_2
statement -> var ASSIGN expression
stmt_loop -> EPSILON
stmt_loop -> statement SEMICOLON stmt_loop
stmt_loop -> statement SEMICOLON stmt_loop
statement -> WHILE bool_exp BEGINLOOP stmt_loop ENDLOOP
IDENT -> i
var_2 -> EPSILON
var -> IDENT var_2
NUMBER -> 2
term_2 -> NUMBER
term -> term_2
mult_expr_2 -> EPSILON
mult_expr -> term mult_expr_2
expression -> EPSILON
expression -> mult_expr expression_2
statement -> var ASSIGN expression
IDENT -> i
var_2 -> EPSILON
var -> IDENT var_2
term_2 -> var
term -> term_2
mult_expr_2 -> EPSILON
mult_expr -> term mult_expr_2
expression -> EPSILON
expression -> mult_expr expression_2
comp -> LTE
IDENT -> sqrt_n
var_2 -> EPSILON
var -> IDENT var_2
term_2 -> var
term -> term_2
mult_expr_2 -> EPSILON
mult_expr -> term mult_expr_2
expression -> EPSILON
expression -> mult_expr expression_2
relation_exp_s -> expression comp expression
relation_exp -> relation_exp_s
rel_and_exp2 -> EPSILON
rel_and_exp -> relation_exp rel_and_exp2
bool_exp2 -> EPSILON
bool_exp -> rel_and_exp bool_exp2
IDENT -> a
IDENT -> i
var_2 -> EPSILON
var -> IDENT var_2
term_2 -> var
term -> term_2
mult_expr_2 -> EPSILON
mult_expr -> term mult_expr_2
expression -> EPSILON
expression -> mult_expr expression_2
var_2 -> L_SQUARE_BRACKET expression R_SQUARE_BRACKET
var -> IDENT var_2
term_2 -> var
term -> term_2
mult_expr_2 -> EPSILON
mult_expr -> term mult_expr_2
expression -> EPSILON
expression -> mult_expr expression_2
comp -> EQ
NUMBER -> 0
term_2 -> NUMBER
term -> term_2
mult_expr_2 -> EPSILON
mult_expr -> term mult_expr_2
expression -> EPSILON
expression -> mult_expr expression_2
relation_exp_s -> expression comp expression
relation_exp -> relation_exp_s
rel_and_exp2 -> EPSILON
rel_and_exp -> relation_exp rel_and_exp2
bool_exp2 -> EPSILON
bool_exp -> rel_and_exp bool_exp2
IDENT -> j
var_2 -> EPSILON
var -> IDENT var_2
IDENT -> i
var_2 -> EPSILON
var -> IDENT var_2
term_2 -> var
term -> term_2
mult_expr_2 -> EPSILON
mult_expr -> term mult_expr_2
IDENT -> i
var_2 -> EPSILON
var -> IDENT var_2
term_2 -> var
term -> term_2
mult_expr_2 -> EPSILON
mult_expr -> term mult_expr_2
expression -> EPSILON
expression_2 -> ADD mult_expr expression_2
expression -> mult_expr expression_2
statement -> var ASSIGN expression
IDENT -> j
var_2 -> EPSILON
var -> IDENT var_2
term_2 -> var
term -> term_2
mult_expr_2 -> EPSILON
mult_expr -> term mult_expr_2
expression -> EPSILON
expression -> mult_expr expression_2
comp -> LTE
IDENT -> n
var_2 -> EPSILON
var -> IDENT var_2
term_2 -> var
term -> term_2
mult_expr_2 -> EPSILON
mult_expr -> term mult_expr_2
expression -> EPSILON
expression -> mult_expr expression_2
relation_exp_s -> expression comp expression
relation_exp -> relation_exp_s
rel_and_exp2 -> EPSILON
rel_and_exp -> relation_exp rel_and_exp2
bool_exp2 -> EPSILON
bool_exp -> rel_and_exp bool_exp2
IDENT -> a
IDENT -> j
var_2 -> EPSILON
var -> IDENT var_2
term_2 -> var
term -> term_2
mult_expr_2 -> EPSILON
mult_expr -> term mult_expr_2
expression -> EPSILON
expression -> mult_expr expression_2
var_2 -> L_SQUARE_BRACKET expression R_SQUARE_BRACKET
var -> IDENT var_2
NUMBER -> 1
term_2 -> NUMBER
term -> term_2
mult_expr_2 -> EPSILON
mult_expr -> term mult_expr_2
expression -> EPSILON
expression -> mult_expr expression_2
statement -> var ASSIGN expression
IDENT -> j
var_2 -> EPSILON
var -> IDENT var_2
IDENT -> j
var_2 -> EPSILON
var -> IDENT var_2
term_2 -> var
term -> term_2
mult_expr_2 -> EPSILON
mult_expr -> term mult_expr_2
IDENT -> i
var_2 -> EPSILON
var -> IDENT var_2
term_2 -> var
term -> term_2
mult_expr_2 -> EPSILON
mult_expr -> term mult_expr_2
expression -> EPSILON
expression_2 -> ADD mult_expr expression_2
expression -> mult_expr expression_2
statement -> var ASSIGN expression
stmt_loop -> EPSILON
stmt_loop -> statement SEMICOLON stmt_loop
stmt_loop -> statement SEMICOLON stmt_loop
statement -> WHILE bool_exp BEGINLOOP stmt_loop ENDLOOP
stmt_loop -> EPSILON
stmt_loop -> statement SEMICOLON stmt_loop
stmt_loop -> statement SEMICOLON stmt_loop
statement_21 -> EPSILON
statement -> IF bool_exp THEN stmt_loop statement_21 ENDIF
IDENT -> i
var_2 -> EPSILON
var -> IDENT var_2
IDENT -> i
var_2 -> EPSILON
var -> IDENT var_2
term_2 -> var
term -> term_2
mult_expr_2 -> EPSILON
mult_expr -> term mult_expr_2
NUMBER -> 1
term_2 -> NUMBER
term -> term_2
mult_expr_2 -> EPSILON
mult_expr -> term mult_expr_2
expression -> EPSILON
expression_2 -> ADD mult_expr expression_2
expression -> mult_expr expression_2
statement -> var ASSIGN expression
stmt_loop -> EPSILON
stmt_loop -> statement SEMICOLON stmt_loop
stmt_loop -> statement SEMICOLON stmt_loop
statement -> WHILE bool_exp BEGINLOOP stmt_loop ENDLOOP
IDENT -> i
var_2 -> EPSILON
var -> IDENT var_2
NUMBER -> 2
term_2 -> NUMBER
term -> term_2
mult_expr_2 -> EPSILON
mult_expr -> term mult_expr_2
expression -> EPSILON
expression -> mult_expr expression_2
statement -> var ASSIGN expression
IDENT -> i
var_2 -> EPSILON
var -> IDENT var_2
term_2 -> var
term -> term_2
mult_expr_2 -> EPSILON
mult_expr -> term mult_expr_2
expression -> EPSILON
expression -> mult_expr expression_2
comp -> LTE
IDENT -> n
var_2 -> EPSILON
var -> IDENT var_2
term_2 -> var
term -> term_2
mult_expr_2 -> EPSILON
mult_expr -> term mult_expr_2
expression -> EPSILON
expression -> mult_expr expression_2
relation_exp_s -> expression comp expression
relation_exp -> relation_exp_s
rel_and_exp2 -> EPSILON
rel_and_exp -> relation_exp rel_and_exp2
bool_exp2 -> EPSILON
bool_exp -> rel_and_exp bool_exp2
IDENT -> a
IDENT -> i
var_2 -> EPSILON
var -> IDENT var_2
term_2 -> var
term -> term_2
mult_expr_2 -> EPSILON
mult_expr -> term mult_expr_2
expression -> EPSILON
expression -> mult_expr expression_2
var_2 -> L_SQUARE_BRACKET expression R_SQUARE_BRACKET
var -> IDENT var_2
term_2 -> var
term -> term_2
mult_expr_2 -> EPSILON
mult_expr -> term mult_expr_2
expression -> EPSILON
expression -> mult_expr expression_2
comp -> EQ
NUMBER -> 0
term_2 -> NUMBER
term -> term_2
mult_expr_2 -> EPSILON
mult_expr -> term mult_expr_2
expression -> EPSILON
expression -> mult_expr expression_2
relation_exp_s -> expression comp expression
relation_exp -> relation_exp_s
rel_and_exp2 -> EPSILON
rel_and_exp -> relation_exp rel_and_exp2
bool_exp2 -> EPSILON
bool_exp -> rel_and_exp bool_exp2
IDENT -> i
var_2 -> EPSILON
var -> IDENT var_2
statement_61 -> EPSILON
statement -> WRITE var statement_61
stmt_loop -> EPSILON
stmt_loop -> statement SEMICOLON stmt_loop
statement_21 -> EPSILON
statement -> IF bool_exp THEN stmt_loop statement_21 ENDIF
IDENT -> i
var_2 -> EPSILON
var -> IDENT var_2
IDENT -> i
var_2 -> EPSILON
var -> IDENT var_2
term_2 -> var
term -> term_2
mult_expr_2 -> EPSILON
mult_expr -> term mult_expr_2
NUMBER -> 1
term_2 -> NUMBER
term -> term_2
mult_expr_2 -> EPSILON
mult_expr -> term mult_expr_2
expression -> EPSILON
expression_2 -> ADD mult_expr expression_2
expression -> mult_expr expression_2
statement -> var ASSIGN expression
stmt_loop -> EPSILON
stmt_loop -> statement SEMICOLON stmt_loop
stmt_loop -> statement SEMICOLON stmt_loop
statement -> WHILE bool_exp BEGINLOOP stmt_loop ENDLOOP
function_2 -> END_BODY
function_2 -> statement SEMICOLON function_2
function_2 -> statement SEMICOLON function_2
function_2 -> statement SEMICOLON function_2
function_2 -> statement SEMICOLON function_2
function_2 -> statement SEMICOLON function_2
function_2 -> statement SEMICOLON function_2
function_2 -> statement SEMICOLON function_2
function_2 -> statement SEMICOLON function_2
function_2 -> statement SEMICOLON function_2
function -> FUNCTION IDENT SEMICOLON BEGIN_PARAMS decl_loop END_PARAMS BEGIN_LOCALS decl_loop END_LOCALS BEGIN_BODY statement SEMICOLON function_2
program -> EPSILON
program -> function program
